# JRE version: OpenJDK Runtime Environment (8.0_152-b02) (build 1.8.0_152-release-1024-b02)
# Java VM: OpenJDK 64-Bit Server VM (25.152-b02 mixed mode windows-amd64 compressed oops)
Heap:
 PSYoungGen      total 149504K, used 116255K [0x00000000e0000000, 0x00000000ed180000, 0x0000000100000000)
  eden space 136192K, 75% used [0x00000000e0000000,0x00000000e648f5d0,0x00000000e8500000)
  from space 13312K, 99% used [0x00000000e9400000,0x00000000ea0f88f0,0x00000000ea100000)
  to   space 15360K, 0% used [0x00000000e8500000,0x00000000e8500000,0x00000000e9400000)
 ParOldGen       total 169984K, used 19906K [0x00000000a0000000, 0x00000000aa600000, 0x00000000e0000000)
  object space 169984K, 11% used [0x00000000a0000000,0x00000000a1370b78,0x00000000aa600000)
 Metaspace       used 51658K, capacity 53204K, committed 53336K, reserved 1095680K
  class space    used 7095K, capacity 7475K, committed 7552K, reserved 1048576K
GC Heap History (10 events):
Event: 3.037 GC heap before
{Heap before GC invocations=4 (full 1):
 PSYoungGen      total 76288K, used 8695K [0x00000000e0000000, 0x00000000e9500000, 0x0000000100000000)
  eden space 65536K, 0% used [0x00000000e0000000,0x00000000e0000000,0x00000000e4000000)
  from space 10752K, 80% used [0x00000000e4000000,0x00000000e487df48,0x00000000e4a80000)
  to   space 10752K, 0% used [0x00000000e8a80000,0x00000000e8a80000,0x00000000e9500000)
 ParOldGen       total 175104K, used 24K [0x00000000a0000000, 0x00000000aab00000, 0x00000000e0000000)
  object space 175104K, 0% used [0x00000000a0000000,0x00000000a0006000,0x00000000aab00000)
 Metaspace       used 20851K, capacity 21200K, committed 21248K, reserved 1067008K
  class space    used 2901K, capacity 3038K, committed 3072K, reserved 1048576K
Event: 3.138 GC heap after
Heap after GC invocations=4 (full 1):
 PSYoungGen      total 76288K, used 0K [0x00000000e0000000, 0x00000000e9500000, 0x0000000100000000)
  eden space 65536K, 0% used [0x00000000e0000000,0x00000000e0000000,0x00000000e4000000)
  from space 10752K, 0% used [0x00000000e4000000,0x00000000e4000000,0x00000000e4a80000)
  to   space 10752K, 0% used [0x00000000e8a80000,0x00000000e8a80000,0x00000000e9500000)
 ParOldGen       total 105472K, used 8517K [0x00000000a0000000, 0x00000000a6700000, 0x00000000e0000000)
  object space 105472K, 8% used [0x00000000a0000000,0x00000000a08514b8,0x00000000a6700000)
 Metaspace       used 20851K, capacity 21200K, committed 21248K, reserved 1067008K
  class space    used 2901K, capacity 3038K, committed 3072K, reserved 1048576K
}
Event: 3.881 GC heap before
{Heap before GC invocations=5 (full 1):
 PSYoungGen      total 76288K, used 65536K [0x00000000e0000000, 0x00000000e9500000, 0x0000000100000000)
  eden space 65536K, 100% used [0x00000000e0000000,0x00000000e4000000,0x00000000e4000000)
  from space 10752K, 0% used [0x00000000e4000000,0x00000000e4000000,0x00000000e4a80000)
  to   space 10752K, 0% used [0x00000000e8a80000,0x00000000e8a80000,0x00000000e9500000)
 ParOldGen       total 105472K, used 8517K [0x00000000a0000000, 0x00000000a6700000, 0x00000000e0000000)
  object space 105472K, 8% used [0x00000000a0000000,0x00000000a08514b8,0x00000000a6700000)
 Metaspace       used 26591K, capacity 27056K, committed 27136K, reserved 1073152K
  class space    used 3662K, capacity 3829K, committed 3840K, reserved 1048576K
Event: 3.888 GC heap after
Heap after GC invocations=5 (full 1):
 PSYoungGen      total 104448K, used 7224K [0x00000000e0000000, 0x00000000e9200000, 0x0000000100000000)
  eden space 96768K, 0% used [0x00000000e0000000,0x00000000e0000000,0x00000000e5e80000)
  from space 7680K, 94% used [0x00000000e8a80000,0x00000000e918e170,0x00000000e9200000)
  to   space 10752K, 0% used [0x00000000e7d00000,0x00000000e7d00000,0x00000000e8780000)
 ParOldGen       total 105472K, used 8525K [0x00000000a0000000, 0x00000000a6700000, 0x00000000e0000000)
  object space 105472K, 8% used [0x00000000a0000000,0x00000000a08534b8,0x00000000a6700000)
 Metaspace       used 26591K, capacity 27056K, committed 27136K, reserved 1073152K
  class space    used 3662K, capacity 3829K, committed 3840K, reserved 1048576K
}
Event: 5.053 GC heap before
{Heap before GC invocations=6 (full 1):
 PSYoungGen      total 104448K, used 95487K [0x00000000e0000000, 0x00000000e9200000, 0x0000000100000000)
  eden space 96768K, 91% used [0x00000000e0000000,0x00000000e5631d38,0x00000000e5e80000)
  from space 7680K, 94% used [0x00000000e8a80000,0x00000000e918e170,0x00000000e9200000)
  to   space 10752K, 0% used [0x00000000e7d00000,0x00000000e7d00000,0x00000000e8780000)
 ParOldGen       total 105472K, used 8525K [0x00000000a0000000, 0x00000000a6700000, 0x00000000e0000000)
  object space 105472K, 8% used [0x00000000a0000000,0x00000000a08534b8,0x00000000a6700000)
 Metaspace       used 34662K, capacity 35260K, committed 35416K, reserved 1079296K
  class space    used 4776K, capacity 4972K, committed 4992K, reserved 1048576K
Event: 5.065 GC heap after
Heap after GC invocations=6 (full 1):
 PSYoungGen      total 138752K, used 10749K [0x00000000e0000000, 0x00000000ea100000, 0x0000000100000000)
  eden space 128000K, 0% used [0x00000000e0000000,0x00000000e0000000,0x00000000e7d00000)
  from space 10752K, 99% used [0x00000000e7d00000,0x00000000e877f640,0x00000000e8780000)
  to   space 13312K, 0% used [0x00000000e9400000,0x00000000e9400000,0x00000000ea100000)
 ParOldGen       total 105472K, used 10546K [0x00000000a0000000, 0x00000000a6700000, 0x00000000e0000000)
  object space 105472K, 9% used [0x00000000a0000000,0x00000000a0a4ca00,0x00000000a6700000)
 Metaspace       used 34662K, capacity 35260K, committed 35416K, reserved 1079296K
  class space    used 4776K, capacity 4972K, committed 4992K, reserved 1048576K
}
Event: 5.065 GC heap before
{Heap before GC invocations=7 (full 2):
 PSYoungGen      total 138752K, used 10749K [0x00000000e0000000, 0x00000000ea100000, 0x0000000100000000)
  eden space 128000K, 0% used [0x00000000e0000000,0x00000000e0000000,0x00000000e7d00000)
  from space 10752K, 99% used [0x00000000e7d00000,0x00000000e877f640,0x00000000e8780000)
  to   space 13312K, 0% used [0x00000000e9400000,0x00000000e9400000,0x00000000ea100000)
 ParOldGen       total 105472K, used 10546K [0x00000000a0000000, 0x00000000a6700000, 0x00000000e0000000)
  object space 105472K, 9% used [0x00000000a0000000,0x00000000a0a4ca00,0x00000000a6700000)
 Metaspace       used 34662K, capacity 35260K, committed 35416K, reserved 1079296K
  class space    used 4776K, capacity 4972K, committed 4992K, reserved 1048576K
Event: 5.112 GC heap after
Heap after GC invocations=7 (full 2):
 PSYoungGen      total 138752K, used 0K [0x00000000e0000000, 0x00000000ea100000, 0x0000000100000000)
  eden space 128000K, 0% used [0x00000000e0000000,0x00000000e0000000,0x00000000e7d00000)
  from space 10752K, 0% used [0x00000000e7d00000,0x00000000e7d00000,0x00000000e8780000)
  to   space 13312K, 0% used [0x00000000e9400000,0x00000000e9400000,0x00000000ea100000)
 ParOldGen       total 169984K, used 19227K [0x00000000a0000000, 0x00000000aa600000, 0x00000000e0000000)
  object space 169984K, 11% used [0x00000000a0000000,0x00000000a12c6f18,0x00000000aa600000)
 Metaspace       used 34662K, capacity 35260K, committed 35416K, reserved 1079296K
  class space    used 4776K, capacity 4972K, committed 4992K, reserved 1048576K
}
Event: 6.391 GC heap before
{Heap before GC invocations=8 (full 2):
 PSYoungGen      total 138752K, used 128000K [0x00000000e0000000, 0x00000000ea100000, 0x0000000100000000)
  eden space 128000K, 100% used [0x00000000e0000000,0x00000000e7d00000,0x00000000e7d00000)
  from space 10752K, 0% used [0x00000000e7d00000,0x00000000e7d00000,0x00000000e8780000)
  to   space 13312K, 0% used [0x00000000e9400000,0x00000000e9400000,0x00000000ea100000)
 ParOldGen       total 169984K, used 19227K [0x00000000a0000000, 0x00000000aa600000, 0x00000000e0000000)
  object space 169984K, 11% used [0x00000000a0000000,0x00000000a12c6f18,0x00000000aa600000)
 Metaspace       used 42899K, capacity 43860K, committed 44120K, reserved 1087488K
  class space    used 5911K, capacity 6207K, committed 6272K, reserved 1048576K
Event: 6.408 GC heap after
Heap after GC invocations=8 (full 2):
 PSYoungGen      total 149504K, used 13282K [0x00000000e0000000, 0x00000000ed180000, 0x0000000100000000)
  eden space 136192K, 0% used [0x00000000e0000000,0x00000000e0000000,0x00000000e8500000)
  from space 13312K, 99% used [0x00000000e9400000,0x00000000ea0f88f0,0x00000000ea100000)
  to   space 15360K, 0% used [0x00000000e8500000,0x00000000e8500000,0x00000000e9400000)
 ParOldGen       total 169984K, used 19906K [0x00000000a0000000, 0x00000000aa600000, 0x00000000e0000000)
  object space 169984K, 11% used [0x00000000a0000000,0x00000000a1370b78,0x00000000aa600000)
 Metaspace       used 42899K, capacity 43860K, committed 44120K, reserved 1087488K
  class space    used 5911K, capacity 6207K, committed 6272K, reserved 1048576K
}

