Heap:
 PSYoungGen      total 220672K, used 12912K [0x00000000e0000000, 0x00000000ee080000, 0x0000000100000000)
  eden space 212480K, 6% used [0x00000000e0000000,0x00000000e0c9c1d8,0x00000000ecf80000)
  from space 8192K, 0% used [0x00000000ed880000,0x00000000ed880000,0x00000000ee080000)
  to   space 8704K, 0% used [0x00000000ecf80000,0x00000000ecf80000,0x00000000ed800000)
 ParOldGen       total 263168K, used 31545K [0x00000000a0000000, 0x00000000b0100000, 0x00000000e0000000)
  object space 263168K, 11% used [0x00000000a0000000,0x00000000a1ece718,0x00000000b0100000)
 Metaspace       used 63745K, capacity 65536K, committed 66520K, reserved 1107968K
  class space    used 8599K, capacity 9027K, committed 9216K, reserved 1048576K
GC Heap History (10 events):
Event: 17.678 GC heap before
{Heap before GC invocations=58 (full 26):
 PSYoungGen      total 219136K, used 0K [0x00000000e0000000, 0x00000000ee300000, 0x0000000100000000)
  eden space 209920K, 0% used [0x00000000e0000000,0x00000000e0000000,0x00000000ecd00000)
  from space 9216K, 0% used [0x00000000eda00000,0x00000000eda00000,0x00000000ee300000)
  to   space 11264K, 0% used [0x00000000ecd00000,0x00000000ecd00000,0x00000000ed800000)
 ParOldGen       total 263168K, used 31548K [0x00000000a0000000, 0x00000000b0100000, 0x00000000e0000000)
  object space 263168K, 11% used [0x00000000a0000000,0x00000000a1ecf188,0x00000000b0100000)
 Metaspace       used 63640K, capacity 65272K, committed 66264K, reserved 1112064K
  class space    used 8588K, capacity 9017K, committed 9216K, reserved 1048576K
Event: 17.762 GC heap after
Heap after GC invocations=58 (full 26):
 PSYoungGen      total 219136K, used 0K [0x00000000e0000000, 0x00000000ee300000, 0x0000000100000000)
  eden space 209920K, 0% used [0x00000000e0000000,0x00000000e0000000,0x00000000ecd00000)
  from space 9216K, 0% used [0x00000000eda00000,0x00000000eda00000,0x00000000ee300000)
  to   space 11264K, 0% used [0x00000000ecd00000,0x00000000ecd00000,0x00000000ed800000)
 ParOldGen       total 263168K, used 31547K [0x00000000a0000000, 0x00000000b0100000, 0x00000000e0000000)
  object space 263168K, 11% used [0x00000000a0000000,0x00000000a1eceec8,0x00000000b0100000)
 Metaspace       used 63640K, capacity 65272K, committed 66264K, reserved 1107968K
  class space    used 8588K, capacity 9017K, committed 9216K, reserved 1048576K
}
Event: 17.763 GC heap before
{Heap before GC invocations=59 (full 26):
 PSYoungGen      total 219136K, used 763K [0x00000000e0000000, 0x00000000ee300000, 0x0000000100000000)
  eden space 209920K, 0% used [0x00000000e0000000,0x00000000e00bed68,0x00000000ecd00000)
  from space 9216K, 0% used [0x00000000eda00000,0x00000000eda00000,0x00000000ee300000)
  to   space 11264K, 0% used [0x00000000ecd00000,0x00000000ecd00000,0x00000000ed800000)
 ParOldGen       total 263168K, used 31547K [0x00000000a0000000, 0x00000000b0100000, 0x00000000e0000000)
  object space 263168K, 11% used [0x00000000a0000000,0x00000000a1eceec8,0x00000000b0100000)
 Metaspace       used 63640K, capacity 65272K, committed 66264K, reserved 1114112K
  class space    used 8588K, capacity 9017K, committed 9216K, reserved 1048576K
Event: 17.765 GC heap after
Heap after GC invocations=59 (full 26):
 PSYoungGen      total 221184K, used 64K [0x00000000e0000000, 0x00000000ee180000, 0x0000000100000000)
  eden space 209920K, 0% used [0x00000000e0000000,0x00000000e0000000,0x00000000ecd00000)
  from space 11264K, 0% used [0x00000000ecd00000,0x00000000ecd10000,0x00000000ed800000)
  to   space 9216K, 0% used [0x00000000ed880000,0x00000000ed880000,0x00000000ee180000)
 ParOldGen       total 263168K, used 31547K [0x00000000a0000000, 0x00000000b0100000, 0x00000000e0000000)
  object space 263168K, 11% used [0x00000000a0000000,0x00000000a1eceec8,0x00000000b0100000)
 Metaspace       used 63640K, capacity 65272K, committed 66264K, reserved 1114112K
  class space    used 8588K, capacity 9017K, committed 9216K, reserved 1048576K
}
Event: 17.765 GC heap before
{Heap before GC invocations=60 (full 27):
 PSYoungGen      total 221184K, used 64K [0x00000000e0000000, 0x00000000ee180000, 0x0000000100000000)
  eden space 209920K, 0% used [0x00000000e0000000,0x00000000e0000000,0x00000000ecd00000)
  from space 11264K, 0% used [0x00000000ecd00000,0x00000000ecd10000,0x00000000ed800000)
  to   space 9216K, 0% used [0x00000000ed880000,0x00000000ed880000,0x00000000ee180000)
 ParOldGen       total 263168K, used 31547K [0x00000000a0000000, 0x00000000b0100000, 0x00000000e0000000)
  object space 263168K, 11% used [0x00000000a0000000,0x00000000a1eceec8,0x00000000b0100000)
 Metaspace       used 63640K, capacity 65272K, committed 66264K, reserved 1114112K
  class space    used 8588K, capacity 9017K, committed 9216K, reserved 1048576K
Event: 17.842 GC heap after
Heap after GC invocations=60 (full 27):
 PSYoungGen      total 221184K, used 0K [0x00000000e0000000, 0x00000000ee180000, 0x0000000100000000)
  eden space 209920K, 0% used [0x00000000e0000000,0x00000000e0000000,0x00000000ecd00000)
  from space 11264K, 0% used [0x00000000ecd00000,0x00000000ecd00000,0x00000000ed800000)
  to   space 9216K, 0% used [0x00000000ed880000,0x00000000ed880000,0x00000000ee180000)
 ParOldGen       total 263168K, used 31545K [0x00000000a0000000, 0x00000000b0100000, 0x00000000e0000000)
  object space 263168K, 11% used [0x00000000a0000000,0x00000000a1ece718,0x00000000b0100000)
 Metaspace       used 63640K, capacity 65272K, committed 66264K, reserved 1107968K
  class space    used 8588K, capacity 9017K, committed 9216K, reserved 1048576K
}
Event: 17.842 GC heap before
{Heap before GC invocations=61 (full 27):
 PSYoungGen      total 221184K, used 0K [0x00000000e0000000, 0x00000000ee180000, 0x0000000100000000)
  eden space 209920K, 0% used [0x00000000e0000000,0x00000000e0000000,0x00000000ecd00000)
  from space 11264K, 0% used [0x00000000ecd00000,0x00000000ecd00000,0x00000000ed800000)
  to   space 9216K, 0% used [0x00000000ed880000,0x00000000ed880000,0x00000000ee180000)
 ParOldGen       total 263168K, used 31545K [0x00000000a0000000, 0x00000000b0100000, 0x00000000e0000000)
  object space 263168K, 11% used [0x00000000a0000000,0x00000000a1ece718,0x00000000b0100000)
 Metaspace       used 63640K, capacity 65272K, committed 66264K, reserved 1112064K
  class space    used 8588K, capacity 9017K, committed 9216K, reserved 1048576K
Event: 17.844 GC heap after
Heap after GC invocations=61 (full 27):
 PSYoungGen      total 220672K, used 0K [0x00000000e0000000, 0x00000000ee080000, 0x0000000100000000)
  eden space 212480K, 0% used [0x00000000e0000000,0x00000000e0000000,0x00000000ecf80000)
  from space 8192K, 0% used [0x00000000ed880000,0x00000000ed880000,0x00000000ee080000)
  to   space 8704K, 0% used [0x00000000ecf80000,0x00000000ecf80000,0x00000000ed800000)
 ParOldGen       total 263168K, used 31545K [0x00000000a0000000, 0x00000000b0100000, 0x00000000e0000000)
  object space 263168K, 11% used [0x00000000a0000000,0x00000000a1ece718,0x00000000b0100000)
 Metaspace       used 63640K, capacity 65272K, committed 66264K, reserved 1112064K
  class space    used 8588K, capacity 9017K, committed 9216K, reserved 1048576K
}
Event: 17.844 GC heap before
{Heap before GC invocations=62 (full 28):
 PSYoungGen      total 220672K, used 0K [0x00000000e0000000, 0x00000000ee080000, 0x0000000100000000)
  eden space 212480K, 0% used [0x00000000e0000000,0x00000000e0000000,0x00000000ecf80000)
  from space 8192K, 0% used [0x00000000ed880000,0x00000000ed880000,0x00000000ee080000)
  to   space 8704K, 0% used [0x00000000ecf80000,0x00000000ecf80000,0x00000000ed800000)
 ParOldGen       total 263168K, used 31545K [0x00000000a0000000, 0x00000000b0100000, 0x00000000e0000000)
  object space 263168K, 11% used [0x00000000a0000000,0x00000000a1ece718,0x00000000b0100000)
 Metaspace       used 63640K, capacity 65272K, committed 66264K, reserved 1112064K
  class space    used 8588K, capacity 9017K, committed 9216K, reserved 1048576K
Event: 17.912 GC heap after
Heap after GC invocations=62 (full 28):
 PSYoungGen      total 220672K, used 0K [0x00000000e0000000, 0x00000000ee080000, 0x0000000100000000)
  eden space 212480K, 0% used [0x00000000e0000000,0x00000000e0000000,0x00000000ecf80000)
  from space 8192K, 0% used [0x00000000ed880000,0x00000000ed880000,0x00000000ee080000)
  to   space 8704K, 0% used [0x00000000ecf80000,0x00000000ecf80000,0x00000000ed800000)
 ParOldGen       total 263168K, used 31545K [0x00000000a0000000, 0x00000000b0100000, 0x00000000e0000000)
  object space 263168K, 11% used [0x00000000a0000000,0x00000000a1ece718,0x00000000b0100000)
 Metaspace       used 63640K, capacity 65272K, committed 66264K, reserved 1107968K
  class space    used 8588K, capacity 9017K, committed 9216K, reserved 1048576K
}

